{
  "stats": {
    "suites": 1,
    "tests": 2,
    "passes": 2,
    "pending": 0,
    "failures": 0,
    "start": "2023-06-06T16:09:18.267Z",
    "end": "2023-06-06T16:09:19.662Z",
    "duration": 1395,
    "testsRegistered": 2,
    "passPercent": 100,
    "pendingPercent": 0,
    "other": 0,
    "hasOther": false,
    "skipped": 0,
    "hasSkipped": false
  },
  "results": [
    {
      "uuid": "40a9626a-ae4d-457c-8c3d-83856dc8d157",
      "title": "",
      "fullFile": "D:\\Data Gilang\\Education\\QA Engineer\\javascript-api-automation\\test\\api\\chaiAssert.js",
      "file": "\\test\\api\\chaiAssert.js",
      "beforeHooks": [],
      "afterHooks": [],
      "tests": [],
      "suites": [
        {
          "uuid": "e0b92f07-98b7-44fd-a3d8-e06f73fd26f5",
          "title": "Post Request Example",
          "fullFile": "D:\\Data Gilang\\Education\\QA Engineer\\javascript-api-automation\\test\\api\\chaiAssert.js",
          "file": "\\test\\api\\chaiAssert.js",
          "beforeHooks": [],
          "afterHooks": [],
          "tests": [
            {
              "title": "response status equal to 200",
              "fullTitle": "Post Request Example response status equal to 200",
              "timedOut": false,
              "duration": 1389,
              "state": "passed",
              "speed": "slow",
              "pass": true,
              "fail": false,
              "pending": false,
              "context": null,
              "code": "// check resopnse status harus sama dengan 200\nexpect((await response).status).to.equal(200)",
              "err": {},
              "uuid": "3d074f29-0764-4ca4-bf71-993fe8bf5a66",
              "parentUUID": "e0b92f07-98b7-44fd-a3d8-e06f73fd26f5",
              "isHook": false,
              "skipped": false
            },
            {
              "title": "response body to haveOwnProperty",
              "fullTitle": "Post Request Example response body to haveOwnProperty",
              "timedOut": false,
              "duration": 1,
              "state": "passed",
              "speed": "fast",
              "pass": true,
              "fail": false,
              "pending": false,
              "context": null,
              "code": "// expect dalam body response terdapat value message\nexpect((await response).body).to.haveOwnProperty('message')",
              "err": {},
              "uuid": "a14740e0-2272-4168-942f-1b8cfb214128",
              "parentUUID": "e0b92f07-98b7-44fd-a3d8-e06f73fd26f5",
              "isHook": false,
              "skipped": false
            }
          ],
          "suites": [],
          "passes": [
            "3d074f29-0764-4ca4-bf71-993fe8bf5a66",
            "a14740e0-2272-4168-942f-1b8cfb214128"
          ],
          "failures": [],
          "pending": [],
          "skipped": [],
          "duration": 1390,
          "root": false,
          "rootEmpty": false,
          "_timeout": 2000
        }
      ],
      "passes": [],
      "failures": [],
      "pending": [],
      "skipped": [],
      "duration": 0,
      "root": true,
      "rootEmpty": true,
      "_timeout": 2000
    }
  ],
  "meta": {
    "mocha": {
      "version": "10.2.0"
    },
    "mochawesome": {
      "options": {
        "quiet": false,
        "reportFilename": "mochawesome",
        "saveHtml": true,
        "saveJson": true,
        "consoleReporter": "spec",
        "useInlineDiffs": false,
        "code": true
      },
      "version": "7.1.3"
    },
    "marge": {
      "options": null,
      "version": "6.2.0"
    }
  }
}